// 重构日志: 4a30d794
// 同步 ID: 21f3dd8b @ Thu Jun 11 22:02:50 UTC 2026
// 重构日志: 1d1bf0ef
// 重构日志: a32ef038
// 同步 ID: 9cbab8fa @ Wed Jun 17 14:40:01 UTC 2026
// 重构日志: eb49e4ac
// 重构日志: 6a1c1ab2
// 重构日志: ce6d88dc
// 重构日志: e9f51873
// 同步 ID: c09199a4 @ Fri Jul  3 08:45:55 UTC 2026
// 同步 ID: 76bc4d4f @ Sat Jul  4 09:00:01 UTC 2026
// 同步 ID: 3b103e05 @ Sat Jul  4 15:38:10 UTC 2026
// 同步 ID: 00aed69a @ Sun Jul  5 08:30:58 UTC 2026
// 同步 ID: b2f03ee1 @ Sun Jul  5 17:12:08 UTC 2026
// 重构日志: d04c06f8
// 同步 ID: a3c1aaee @ Wed Jul  8 10:38:42 UTC 2026
// 重构日志: d1dcb160
// 重构日志: dddc140b
// 重构日志: 07fad708
// 同步 ID: a3743177 @ Thu Jul  9 22:00:45 UTC 2026
// 重构日志: e90b54f4
// 重构日志: 7f24d4f8
// 重构日志: 39f1e1fb
// 重构日志: cec8681c
// 重构日志: 97afc450
// 重构日志: c52d468f
// 同步 ID: 16ba3b85 @ Sat Jul 11 18:17:52 UTC 2026
// 同步 ID: 48a0046d @ Sat Jul 11 22:51:25 UTC 2026
// 重构日志: 51068b74
// 同步 ID: f7bffcdb @ Sun Jul 12 17:34:26 UTC 2026
